# JRE version: Java(TM) SE Runtime Environment (8.0_211-b12) (build 1.8.0_211-b12)
# Java VM: Java HotSpot(TM) 64-Bit Server VM (25.211-b12 mixed mode windows-amd64 compressed oops)
Heap:
 PSYoungGen      total 16896K, used 5243K [0x00000000feb00000, 0x0000000100000000, 0x0000000100000000)
  eden space 15360K, 24% used [0x00000000feb00000,0x00000000feea6760,0x00000000ffa00000)
  from space 1536K, 98% used [0x00000000ffe80000,0x00000000ffff87e0,0x0000000100000000)
  to   space 3072K, 0% used [0x00000000ffa00000,0x00000000ffa00000,0x00000000ffd00000)
 ParOldGen       total 44032K, used 7777K [0x00000000fc000000, 0x00000000feb00000, 0x00000000feb00000)
  object space 44032K, 17% used [0x00000000fc000000,0x00000000fc7987f0,0x00000000feb00000)
 Metaspace       used 9432K, capacity 9670K, committed 9856K, reserved 1058816K
  class space    used 1023K, capacity 1101K, committed 1152K, reserved 1048576K
GC Heap History (10 events):
Event: 27.748 GC heap before
{Heap before GC invocations=36 (full 0):
 PSYoungGen      total 19456K, used 17984K [0x00000000feb00000, 0x0000000100000000, 0x0000000100000000)
  eden space 17920K, 100% used [0x00000000feb00000,0x00000000ffc80000,0x00000000ffc80000)
  from space 1536K, 4% used [0x00000000ffc80000,0x00000000ffc90000,0x00000000ffe00000)
  to   space 1536K, 0% used [0x00000000ffe80000,0x00000000ffe80000,0x0000000100000000)
 ParOldGen       total 44032K, used 4671K [0x00000000fc000000, 0x00000000feb00000, 0x00000000feb00000)
  object space 44032K, 10% used [0x00000000fc000000,0x00000000fc48ff18,0x00000000feb00000)
 Metaspace       used 9392K, capacity 9606K, committed 9856K, reserved 1058816K
  class space    used 1021K, capacity 1101K, committed 1152K, reserved 1048576K
Event: 27.749 GC heap after
Heap after GC invocations=36 (full 0):
 PSYoungGen      total 19456K, used 64K [0x00000000feb00000, 0x0000000100000000, 0x0000000100000000)
  eden space 17920K, 0% used [0x00000000feb00000,0x00000000feb00000,0x00000000ffc80000)
  from space 1536K, 4% used [0x00000000ffe80000,0x00000000ffe90030,0x0000000100000000)
  to   space 1536K, 0% used [0x00000000ffc80000,0x00000000ffc80000,0x00000000ffe00000)
 ParOldGen       total 44032K, used 4671K [0x00000000fc000000, 0x00000000feb00000, 0x00000000feb00000)
  object space 44032K, 10% used [0x00000000fc000000,0x00000000fc48ff18,0x00000000feb00000)
 Metaspace       used 9392K, capacity 9606K, committed 9856K, reserved 1058816K
  class space    used 1021K, capacity 1101K, committed 1152K, reserved 1048576K
}
Event: 28.613 GC heap before
{Heap before GC invocations=37 (full 0):
 PSYoungGen      total 19456K, used 17984K [0x00000000feb00000, 0x0000000100000000, 0x0000000100000000)
  eden space 17920K, 100% used [0x00000000feb00000,0x00000000ffc80000,0x00000000ffc80000)
  from space 1536K, 4% used [0x00000000ffe80000,0x00000000ffe90030,0x0000000100000000)
  to   space 1536K, 0% used [0x00000000ffc80000,0x00000000ffc80000,0x00000000ffe00000)
 ParOldGen       total 44032K, used 4671K [0x00000000fc000000, 0x00000000feb00000, 0x00000000feb00000)
  object space 44032K, 10% used [0x00000000fc000000,0x00000000fc48ff18,0x00000000feb00000)
 Metaspace       used 9392K, capacity 9606K, committed 9856K, reserved 1058816K
  class space    used 1021K, capacity 1101K, committed 1152K, reserved 1048576K
Event: 28.615 GC heap after
Heap after GC invocations=37 (full 0):
 PSYoungGen      total 19456K, used 64K [0x00000000feb00000, 0x0000000100000000, 0x0000000100000000)
  eden space 17920K, 0% used [0x00000000feb00000,0x00000000feb00000,0x00000000ffc80000)
  from space 1536K, 4% used [0x00000000ffc80000,0x00000000ffc90000,0x00000000ffe00000)
  to   space 1536K, 0% used [0x00000000ffe80000,0x00000000ffe80000,0x0000000100000000)
 ParOldGen       total 44032K, used 4671K [0x00000000fc000000, 0x00000000feb00000, 0x00000000feb00000)
  object space 44032K, 10% used [0x00000000fc000000,0x00000000fc48ff18,0x00000000feb00000)
 Metaspace       used 9392K, capacity 9606K, committed 9856K, reserved 1058816K
  class space    used 1021K, capacity 1101K, committed 1152K, reserved 1048576K
}
Event: 29.505 GC heap before
{Heap before GC invocations=38 (full 0):
 PSYoungGen      total 19456K, used 17981K [0x00000000feb00000, 0x0000000100000000, 0x0000000100000000)
  eden space 17920K, 99% used [0x00000000feb00000,0x00000000ffc7f7e0,0x00000000ffc80000)
  from space 1536K, 4% used [0x00000000ffc80000,0x00000000ffc90000,0x00000000ffe00000)
  to   space 1536K, 0% used [0x00000000ffe80000,0x00000000ffe80000,0x0000000100000000)
 ParOldGen       total 44032K, used 4671K [0x00000000fc000000, 0x00000000feb00000, 0x00000000feb00000)
  object space 44032K, 10% used [0x00000000fc000000,0x00000000fc48ff18,0x00000000feb00000)
 Metaspace       used 9392K, capacity 9606K, committed 9856K, reserved 1058816K
  class space    used 1021K, capacity 1101K, committed 1152K, reserved 1048576K
Event: 29.506 GC heap after
Heap after GC invocations=38 (full 0):
 PSYoungGen      total 19456K, used 48K [0x00000000feb00000, 0x0000000100000000, 0x0000000100000000)
  eden space 17920K, 0% used [0x00000000feb00000,0x00000000feb00000,0x00000000ffc80000)
  from space 1536K, 3% used [0x00000000ffe80000,0x00000000ffe8c020,0x0000000100000000)
  to   space 1536K, 0% used [0x00000000ffc80000,0x00000000ffc80000,0x00000000ffe00000)
 ParOldGen       total 44032K, used 4671K [0x00000000fc000000, 0x00000000feb00000, 0x00000000feb00000)
  object space 44032K, 10% used [0x00000000fc000000,0x00000000fc48ff18,0x00000000feb00000)
 Metaspace       used 9392K, capacity 9606K, committed 9856K, reserved 1058816K
  class space    used 1021K, capacity 1101K, committed 1152K, reserved 1048576K
}
Event: 30.355 GC heap before
{Heap before GC invocations=39 (full 0):
 PSYoungGen      total 19456K, used 17952K [0x00000000feb00000, 0x0000000100000000, 0x0000000100000000)
  eden space 17920K, 99% used [0x00000000feb00000,0x00000000ffc7c208,0x00000000ffc80000)
  from space 1536K, 3% used [0x00000000ffe80000,0x00000000ffe8c020,0x0000000100000000)
  to   space 1536K, 0% used [0x00000000ffc80000,0x00000000ffc80000,0x00000000ffe00000)
 ParOldGen       total 44032K, used 4671K [0x00000000fc000000, 0x00000000feb00000, 0x00000000feb00000)
  object space 44032K, 10% used [0x00000000fc000000,0x00000000fc48ff18,0x00000000feb00000)
 Metaspace       used 9392K, capacity 9606K, committed 9856K, reserved 1058816K
  class space    used 1021K, capacity 1101K, committed 1152K, reserved 1048576K
Event: 30.356 GC heap after
Heap after GC invocations=39 (full 0):
 PSYoungGen      total 19456K, used 64K [0x00000000feb00000, 0x0000000100000000, 0x0000000100000000)
  eden space 17920K, 0% used [0x00000000feb00000,0x00000000feb00000,0x00000000ffc80000)
  from space 1536K, 4% used [0x00000000ffc80000,0x00000000ffc90030,0x00000000ffe00000)
  to   space 1536K, 0% used [0x00000000ffe80000,0x00000000ffe80000,0x0000000100000000)
 ParOldGen       total 44032K, used 4671K [0x00000000fc000000, 0x00000000feb00000, 0x00000000feb00000)
  object space 44032K, 10% used [0x00000000fc000000,0x00000000fc48ff18,0x00000000feb00000)
 Metaspace       used 9392K, capacity 9606K, committed 9856K, reserved 1058816K
  class space    used 1021K, capacity 1101K, committed 1152K, reserved 1048576K
}
Event: 32.373 GC heap before
{Heap before GC invocations=40 (full 0):
 PSYoungGen      total 19456K, used 17984K [0x00000000feb00000, 0x0000000100000000, 0x0000000100000000)
  eden space 17920K, 100% used [0x00000000feb00000,0x00000000ffc80000,0x00000000ffc80000)
  from space 1536K, 4% used [0x00000000ffc80000,0x00000000ffc90030,0x00000000ffe00000)
  to   space 1536K, 0% used [0x00000000ffe80000,0x00000000ffe80000,0x0000000100000000)
 ParOldGen       total 44032K, used 4671K [0x00000000fc000000, 0x00000000feb00000, 0x00000000feb00000)
  object space 44032K, 10% used [0x00000000fc000000,0x00000000fc48ff18,0x00000000feb00000)
 Metaspace       used 9431K, capacity 9670K, committed 9856K, reserved 1058816K
  class space    used 1023K, capacity 1101K, committed 1152K, reserved 1048576K
Event: 32.375 GC heap after
Heap after GC invocations=40 (full 0):
 PSYoungGen      total 16896K, used 1505K [0x00000000feb00000, 0x0000000100000000, 0x0000000100000000)
  eden space 15360K, 0% used [0x00000000feb00000,0x00000000feb00000,0x00000000ffa00000)
  from space 1536K, 98% used [0x00000000ffe80000,0x00000000ffff87e0,0x0000000100000000)
  to   space 3072K, 0% used [0x00000000ffa00000,0x00000000ffa00000,0x00000000ffd00000)
 ParOldGen       total 44032K, used 7777K [0x00000000fc000000, 0x00000000feb00000, 0x00000000feb00000)
  object space 44032K, 17% used [0x00000000fc000000,0x00000000fc7987f0,0x00000000feb00000)
 Metaspace       used 9431K, capacity 9670K, committed 9856K, reserved 1058816K
  class space    used 1023K, capacity 1101K, committed 1152K, reserved 1048576K
}

